<?xml version="1.0" encoding="UTF-8"?>
<!-- Generated by org.testng.reporters.JUnitReportReporter -->
<testsuite name="APITest.API.GitMethod" tests="1" time="2.762" ignored="0" failures="0" timestamp="30 Dec 2020 15:25:30 GMT" skipped="0" hostname="IT53TF0R" errors="0">
  <testcase name="postMethod" time="2.762" classname="APITest.API.GitMethod"/>
</testsuite> <!-- APITest.API.GitMethod -->
