<?xml version="1.0" encoding="UTF-8"?>
<!-- Generated by org.testng.reporters.JUnitReportReporter -->
<testsuite name="APITest.API.testAPITask" tests="2" time="3.139" ignored="0" failures="0" timestamp="30 Dec 2020 18:34:10 GMT" skipped="0" hostname="IT53TF0R" errors="0">
  <testcase name="getMethod" time="2.371" classname="APITest.API.testAPITask"/>
  <testcase name="postMethod" time="0.768" classname="APITest.API.testAPITask"/>
</testsuite> <!-- APITest.API.testAPITask -->
